<?xml version="1.0" encoding="UTF-8"?>
<!-- Generated by org.testng.reporters.JUnitReportReporter -->
<testsuite hostname="LAPTOP-RICBD2O3" failures="0" tests="2" name="Test1_GET" time="8.877" errors="0" timestamp="2022-04-21T14:24:26 IST" skipped="0">
  <testcase classname="Test1_GET" name="test2" time="2.560"/>
  <system-out/>
  <testcase classname="Test1_GET" name="test1" time="6.317"/>
  <system-out/>
</testsuite> <!-- Test1_GET -->
