<?xml version="1.0" encoding="UTF-8"?>
<!-- Generated by org.testng.reporters.JUnitReportReporter -->
<testsuite hostname="LAPTOP-RICBD2O3" failures="0" tests="1" name="Test_GET1" time="6.861" errors="0" timestamp="2022-04-22T08:01:05 IST" skipped="0">
  <testcase classname="Test_GET1" name="tesget1" time="6.861"/>
  <system-out/>
</testsuite> <!-- Test_GET1 -->
