<?xml version="1.0" encoding="UTF-8"?>
<!-- Generated by org.testng.reporters.JUnitReportReporter -->
<testsuite hostname="LAPTOP-RICBD2O3" failures="0" tests="1" name="Test2GET" time="5.128" errors="0" timestamp="2022-04-21T16:02:27 IST" skipped="0">
  <testcase classname="Test2GET" name="test2" time="5.128"/>
  <system-out/>
</testsuite> <!-- Test2GET -->
