<?xml version="1.0" encoding="UTF-8"?>
<!-- Generated by org.testng.reporters.JUnitReportReporter -->
<testsuite hostname="LAPTOP-RICBD2O3" failures="0" tests="1" name="Test3_GET" time="4.894" errors="0" timestamp="2022-04-21T15:00:09 IST" skipped="0">
  <testcase classname="Test3_GET" name="test1" time="4.894"/>
  <system-out/>
</testsuite> <!-- Test3_GET -->
