<?xml version="1.0" encoding="UTF-8"?>
<!-- Generated by org.testng.reporters.JUnitReportReporter -->
<testsuite hostname="LAPTOP-RICBD2O3" failures="0" tests="1" name="GET" time="7.372" errors="0" timestamp="2022-04-22T08:00:23 IST" skipped="0">
  <testcase classname="GET" name="test1" time="7.372"/>
  <system-out/>
</testsuite> <!-- GET -->
